\BOOKMARK [0][-]{chapter.1}{\376\377\213\272\145\207\116\073\211\201\220\350\122\006\166\204\121\231\154\325}{}% 1
\BOOKMARK [1][-]{section.1.1}{\376\377\213\272\145\207\166\204\213\355\212\000\123\312\210\150\217\360}{chapter.1}% 2
\BOOKMARK [1][-]{section.1.2}{\376\377\213\272\145\207\230\230\166\356\166\204\121\231\154\325}{chapter.1}% 3
\BOOKMARK [1][-]{section.1.3}{\376\377\144\130\211\201\166\204\121\231\154\325}{chapter.1}% 4
\BOOKMARK [1][-]{section.1.4}{\376\377\137\025\212\000\166\204\121\231\154\325}{chapter.1}% 5
\BOOKMARK [1][-]{section.1.5}{\376\377\153\143\145\207\166\204\121\231\154\325}{chapter.1}% 6
\BOOKMARK [1][-]{section.1.6}{\376\377\176\323\213\272\166\204\121\231\154\325}{chapter.1}% 7
\BOOKMARK [1][-]{section.1.7}{\376\377\124\004\202\202\116\000\176\247\150\007\230\230}{chapter.1}% 8
\BOOKMARK [2][-]{subsection.1.7.1}{\376\377\124\004\202\202\116\214\176\247\150\007\230\230}{section.1.7}% 9
\BOOKMARK [3][-]{subsubsection.1.7.1.1}{\376\377\124\004\202\202\116\011\176\247\150\007\230\230}{subsection.1.7.1}% 10
\BOOKMARK [1][-]{section.1.8}{\376\377\133\127\117\123\150\067\137\017}{chapter.1}% 11
\BOOKMARK [0][-]{chapter.2}{\376\377\121\154\137\017\143\322\126\376\210\150\150\074}{}% 12
\BOOKMARK [1][-]{section.2.1}{\376\377\121\154\137\017\166\204\117\177\165\050}{chapter.2}% 13
\BOOKMARK [1][-]{section.2.2}{\376\377\143\322\126\376\166\204\117\177\165\050}{chapter.2}% 14
\BOOKMARK [1][-]{section.2.3}{\376\377\210\150\150\074\166\204\117\177\165\050}{chapter.2}% 15
\BOOKMARK [2][-]{subsection.2.3.1}{\376\377\146\156\220\032\210\150\150\074}{section.2.3}% 16
\BOOKMARK [2][-]{subsection.2.3.2}{\376\377\215\350\230\165\210\150\150\074}{section.2.3}% 17
\BOOKMARK [1][-]{section.2.4}{\376\377\122\027\210\150\166\204\117\177\165\050}{chapter.2}% 18
\BOOKMARK [2][-]{subsection.2.4.1}{\376\377\147\011\136\217\122\027\210\150}{section.2.4}% 19
\BOOKMARK [2][-]{subsection.2.4.2}{\376\377\116\015\213\241\145\160\122\027\210\150}{section.2.4}% 20
\BOOKMARK [1][-]{section.2.5}{\376\377\145\160\133\146\163\257\130\203\166\204\117\177\165\050}{chapter.2}% 21
\BOOKMARK [1][-]{section.2.6}{\376\377\123\125\117\115}{chapter.2}% 22
\BOOKMARK [1][-]{section.2.7}{\376\377\162\151\164\006\173\046\123\367}{chapter.2}% 23
\BOOKMARK [0][-]{chapter.3}{\376\377\137\025\165\050\116\016\224\376\143\245}{}% 24
\BOOKMARK [1][-]{section.3.1}{\376\377\201\032\154\350}{chapter.3}% 25
\BOOKMARK [1][-]{section.3.2}{\376\377\137\025\165\050\145\207\116\055\134\017\202\202}{chapter.3}% 26
\BOOKMARK [1][-]{section.3.3}{\376\377\137\025\165\050\123\302\200\003\145\207\163\056}{chapter.3}% 27
\BOOKMARK [1][-]{section.3.4}{\376\377\224\376\143\245\166\370\121\163}{chapter.3}% 28
\BOOKMARK [0][-]{chapter.4}{\376\377\121\166\133\203\150\074\137\017}{}% 29
\BOOKMARK [1][-]{section.4.1}{\376\377\116\343\170\001}{chapter.4}% 30
\BOOKMARK [2][-]{subsection.4.1.1}{\376\377\123\237\131\313\116\343\170\001}{section.4.1}% 31
\BOOKMARK [2][-]{subsection.4.1.2}{\376\377\173\227\154\325\143\317\217\360\000/\117\052\116\343\170\001}{section.4.1}% 32
\BOOKMARK [1][-]{section.4.2}{\376\377\176\330\126\376}{chapter.4}% 33
\BOOKMARK [1][-]{section.4.3}{\376\377\121\231\127\050\147\000\124\016}{chapter.4}% 34
\BOOKMARK [0][-]{section*.12}{\376\377\123\302\200\003\145\207\163\056}{}% 35
\BOOKMARK [0][-]{section*.14}{\376\377\201\364\214\042}{}% 36
\BOOKMARK [0][-]{appendix.A}{\376\377\145\160\143\156}{}% 37
\BOOKMARK [1][-]{section.A.1}{\376\377\173\054\116\000\116\052\155\113\213\325}{appendix.A}% 38
